This file contains any messages produced by compilers while
running configure, to aid debugging if configure makes a mistake.

It was created by pypoppler configure 0.12.1, which was
generated by GNU Autoconf 2.63.  Invocation command line was

  $ ./configure 

## --------- ##
## Platform. ##
## --------- ##

hostname = ArchLinux
uname -m = x86_64
uname -r = 3.7.7-1-ARCH
uname -s = Linux
uname -v = #1 SMP PREEMPT Mon Feb 11 20:20:58 EET 2013

/usr/bin/uname -p = unknown
/bin/uname -X     = unknown

/bin/arch              = unknown
/usr/bin/arch -k       = unknown
/usr/convex/getsysinfo = unknown
/usr/bin/hostinfo      = unknown
/bin/machine           = unknown
/usr/bin/oslevel       = unknown
/bin/universe          = unknown

PATH: /usr/local/bin
PATH: /usr/bin
PATH: /bin
PATH: /usr/local/sbin
PATH: /usr/sbin
PATH: /sbin
PATH: /usr/bin/core_perl


## ----------- ##
## Core tests. ##
## ----------- ##

configure:2126: checking for a BSD-compatible install
configure:2194: result: /usr/bin/install -c
configure:2205: checking whether build environment is sane
configure:2265: result: yes
configure:2406: checking for a thread-safe mkdir -p
configure:2445: result: /usr/bin/mkdir -p
configure:2458: checking for gawk
configure:2474: found /usr/bin/gawk
configure:2485: result: gawk
configure:2496: checking whether make sets $(MAKE)
configure:2518: result: yes
configure:2609: checking build system type
configure:2627: result: x86_64-unknown-linux-gnu
configure:2649: checking host system type
configure:2664: result: x86_64-unknown-linux-gnu
configure:2686: checking for some Win32 platform
configure:2696: result: no
configure:2707: checking for native Win32
configure:2717: result: no
configure:3099: checking for style of include used by make
configure:3127: result: GNU
configure:3197: checking for gcc
configure:3213: found /usr/bin/gcc
configure:3224: result: gcc
configure:3456: checking for C compiler version
configure:3464: gcc --version >&5
gcc (GCC) 4.7.2
Copyright (C) 2012 Free Software Foundation, Inc.
This is free software; see the source for copying conditions.  There is NO
warranty; not even for MERCHANTABILITY or FITNESS FOR A PARTICULAR PURPOSE.

configure:3468: $? = 0
configure:3475: gcc -v >&5
Using built-in specs.
COLLECT_GCC=gcc
COLLECT_LTO_WRAPPER=/usr/lib/gcc/x86_64-unknown-linux-gnu/4.7.2/lto-wrapper
Target: x86_64-unknown-linux-gnu
Configured with: /build/src/gcc-4.7.2/configure --prefix=/usr --libdir=/usr/lib --libexecdir=/usr/lib --mandir=/usr/share/man --infodir=/usr/share/info --with-bugurl=https://bugs.archlinux.org/ --enable-languages=c,c++,ada,fortran,go,lto,objc,obj-c++ --enable-shared --enable-threads=posix --with-system-zlib --enable-__cxa_atexit --disable-libunwind-exceptions --enable-clocale=gnu --disable-libstdcxx-pch --enable-libstdcxx-time --enable-gnu-unique-object --enable-linker-build-id --with-ppl --enable-cloog-backend=isl --disable-ppl-version-check --disable-cloog-version-check --enable-lto --enable-gold --enable-ld=default --enable-plugin --with-plugin-ld=ld.gold --with-linker-hash-style=gnu --enable-multilib --disable-libssp --disable-build-with-cxx --disable-build-poststage1-with-cxx --enable-checking=release
Thread model: posix
gcc version 4.7.2 (GCC) 
configure:3479: $? = 0
configure:3486: gcc -V >&5
gcc: error: unrecognized command line option '-V'
gcc: fatal error: no input files
compilation terminated.
configure:3490: $? = 1
configure:3513: checking for C compiler default output file name
configure:3535: gcc    conftest.c  >&5
configure:3539: $? = 0
configure:3577: result: a.out
configure:3596: checking whether the C compiler works
configure:3606: ./a.out
configure:3610: $? = 0
configure:3629: result: yes
configure:3636: checking whether we are cross compiling
configure:3638: result: no
configure:3641: checking for suffix of executables
configure:3648: gcc -o conftest    conftest.c  >&5
configure:3652: $? = 0
configure:3678: result: 
configure:3684: checking for suffix of object files
configure:3710: gcc -c   conftest.c >&5
configure:3714: $? = 0
configure:3739: result: o
configure:3743: checking whether we are using the GNU C compiler
configure:3772: gcc -c   conftest.c >&5
configure:3779: $? = 0
configure:3796: result: yes
configure:3805: checking whether gcc accepts -g
configure:3835: gcc -c -g  conftest.c >&5
configure:3842: $? = 0
configure:3943: result: yes
configure:3960: checking for gcc option to accept ISO C89
configure:4034: gcc  -c -g -O2  conftest.c >&5
configure:4041: $? = 0
configure:4064: result: none needed
configure:4084: checking dependency style of gcc
configure:4194: result: gcc3
configure:4209: checking for a sed that does not truncate output
configure:4275: result: /usr/bin/sed
configure:4293: checking for grep that handles long lines and -e
configure:4353: result: /usr/bin/grep
configure:4358: checking for egrep
configure:4422: result: /usr/bin/grep -E
configure:4427: checking for fgrep
configure:4491: result: /usr/bin/grep -F
configure:4526: checking for ld used by gcc
configure:4593: result: /usr/bin/ld
configure:4602: checking if the linker (/usr/bin/ld) is GNU ld
configure:4617: result: yes
configure:4629: checking for BSD- or MS-compatible name lister (nm)
configure:4678: result: /usr/bin/nm -B
configure:4796: checking the name lister (/usr/bin/nm -B) interface
configure:4803: gcc -c -g -O2  conftest.c >&5
configure:4806: /usr/bin/nm -B "conftest.o"
configure:4809: output
0000000000000000 B some_variable
configure:4816: result: BSD nm
configure:4819: checking whether ln -s works
configure:4823: result: yes
configure:4831: checking the maximum length of command line arguments
configure:4951: result: 1572864
configure:4968: checking whether the shell understands some XSI constructs
configure:4978: result: yes
configure:4982: checking whether the shell understands "+="
configure:4988: result: yes
configure:5023: checking for /usr/bin/ld option to reload object files
configure:5030: result: -r
configure:5099: checking for objdump
configure:5126: result: objdump
configure:5155: checking how to recognize dependent libraries
configure:5351: result: pass_all
configure:5411: checking for ar
configure:5427: found /usr/bin/ar
configure:5438: result: ar
configure:5516: checking for strip
configure:5532: found /usr/bin/strip
configure:5543: result: strip
configure:5615: checking for ranlib
configure:5631: found /usr/bin/ranlib
configure:5642: result: ranlib
configure:5732: checking command to parse /usr/bin/nm -B output from gcc object
configure:5850: gcc -c -g -O2  conftest.c >&5
configure:5853: $? = 0
configure:5857: /usr/bin/nm -B conftest.o \| sed -n -e 's/^.*[	 ]\([ABCDGIRSTW][ABCDGIRSTW]*\)[	 ][	 ]*\([_A-Za-z][_A-Za-z0-9]*\)$/\1 \2 \2/p' \> conftest.nm
configure:5860: $? = 0
configure:5914: gcc -o conftest -g -O2   conftest.c conftstm.o >&5
configure:5917: $? = 0
configure:5955: result: ok
configure:6051: gcc -c -g -O2  conftest.c >&5
configure:6054: $? = 0
configure:6822: checking how to run the C preprocessor
configure:6862: gcc -E  conftest.c
configure:6869: $? = 0
configure:6900: gcc -E  conftest.c
conftest.c:13:28: fatal error: ac_nonexistent.h: No such file or directory
compilation terminated.
configure:6907: $? = 1
configure: failed program was:
| /* confdefs.h.  */
| #define PACKAGE_NAME "pypoppler"
| #define PACKAGE_TARNAME "pypoppler"
| #define PACKAGE_VERSION "0.12.1"
| #define PACKAGE_STRING "pypoppler 0.12.1"
| #define PACKAGE_BUGREPORT "http://launchpad.net/poppler-python/"
| #define PYPOPPLER_MAJOR_VERSION 0
| #define PYPOPPLER_MINOR_VERSION 12
| #define PYPOPPLER_MICRO_VERSION 1
| #define PACKAGE "pypoppler"
| #define VERSION "0.12.1"
| /* end confdefs.h.  */
| #include <ac_nonexistent.h>
configure:6940: result: gcc -E
configure:6969: gcc -E  conftest.c
configure:6976: $? = 0
configure:7007: gcc -E  conftest.c
conftest.c:13:28: fatal error: ac_nonexistent.h: No such file or directory
compilation terminated.
configure:7014: $? = 1
configure: failed program was:
| /* confdefs.h.  */
| #define PACKAGE_NAME "pypoppler"
| #define PACKAGE_TARNAME "pypoppler"
| #define PACKAGE_VERSION "0.12.1"
| #define PACKAGE_STRING "pypoppler 0.12.1"
| #define PACKAGE_BUGREPORT "http://launchpad.net/poppler-python/"
| #define PYPOPPLER_MAJOR_VERSION 0
| #define PYPOPPLER_MINOR_VERSION 12
| #define PYPOPPLER_MICRO_VERSION 1
| #define PACKAGE "pypoppler"
| #define VERSION "0.12.1"
| /* end confdefs.h.  */
| #include <ac_nonexistent.h>
configure:7054: checking for ANSI C header files
configure:7084: gcc -c -g -O2  conftest.c >&5
configure:7091: $? = 0
configure:7190: gcc -o conftest -g -O2   conftest.c  >&5
configure:7194: $? = 0
configure:7200: ./conftest
configure:7204: $? = 0
configure:7222: result: yes
configure:7246: checking for sys/types.h
configure:7267: gcc -c -g -O2  conftest.c >&5
configure:7274: $? = 0
configure:7291: result: yes
configure:7246: checking for sys/stat.h
configure:7267: gcc -c -g -O2  conftest.c >&5
configure:7274: $? = 0
configure:7291: result: yes
configure:7246: checking for stdlib.h
configure:7267: gcc -c -g -O2  conftest.c >&5
configure:7274: $? = 0
configure:7291: result: yes
configure:7246: checking for string.h
configure:7267: gcc -c -g -O2  conftest.c >&5
configure:7274: $? = 0
configure:7291: result: yes
configure:7246: checking for memory.h
configure:7267: gcc -c -g -O2  conftest.c >&5
configure:7274: $? = 0
configure:7291: result: yes
configure:7246: checking for strings.h
configure:7267: gcc -c -g -O2  conftest.c >&5
configure:7274: $? = 0
configure:7291: result: yes
configure:7246: checking for inttypes.h
configure:7267: gcc -c -g -O2  conftest.c >&5
configure:7274: $? = 0
configure:7291: result: yes
configure:7246: checking for stdint.h
configure:7267: gcc -c -g -O2  conftest.c >&5
configure:7274: $? = 0
configure:7291: result: yes
configure:7246: checking for unistd.h
configure:7267: gcc -c -g -O2  conftest.c >&5
configure:7274: $? = 0
configure:7291: result: yes
configure:7309: checking for dlfcn.h
configure:7330: gcc -c -g -O2  conftest.c >&5
configure:7337: $? = 0
configure:7354: result: yes
configure:7508: checking for objdir
configure:7523: result: .libs
configure:7815: checking if gcc supports -fno-rtti -fno-exceptions
configure:7833: gcc -c -g -O2  -fno-rtti -fno-exceptions conftest.c >&5
cc1: warning: command line option '-fno-rtti' is valid for C++/ObjC++ but not for C [enabled by default]
configure:7837: $? = 0
configure:7850: result: no
configure:7870: checking for gcc option to produce PIC
configure:8142: result: -fPIC -DPIC
configure:8154: checking if gcc PIC flag -fPIC -DPIC works
configure:8172: gcc -c -g -O2  -fPIC -DPIC -DPIC conftest.c >&5
configure:8176: $? = 0
configure:8189: result: yes
configure:8213: checking if gcc static flag -static works
configure:8241: result: yes
configure:8256: checking if gcc supports -c -o file.o
configure:8277: gcc -c -g -O2  -o out/conftest2.o conftest.c >&5
configure:8281: $? = 0
configure:8303: result: yes
configure:8311: checking if gcc supports -c -o file.o
configure:8358: result: yes
configure:8391: checking whether the gcc linker (/usr/bin/ld -m elf_x86_64) supports shared libraries
configure:9465: result: yes
configure:9502: checking whether -lc should be explicitly linked in
configure:9507: gcc -c -g -O2  conftest.c >&5
configure:9510: $? = 0
configure:9525: gcc -shared conftest.o  -v -Wl,-soname -Wl,conftest -o conftest 2\>\&1 \| /usr/bin/grep  -lc  \>/dev/null 2\>\&1
configure:9528: $? = 0
configure:9540: result: no
configure:9704: checking dynamic linker characteristics
configure:10147: gcc -o conftest -g -O2   -Wl,-rpath -Wl,/foo conftest.c  >&5
configure:10154: $? = 0
configure:10390: result: GNU/Linux ld.so
configure:10492: checking how to hardcode library paths into programs
configure:10517: result: immediate
configure:11350: checking whether stripping libraries is possible
configure:11355: result: yes
configure:11390: checking if libtool supports shared libraries
configure:11392: result: yes
configure:11395: checking whether to build shared libraries
configure:11416: result: yes
configure:11419: checking whether to build static libraries
configure:11423: result: no
configure:11460: creating ./config.lt

## ------------------ ##
## Running config.lt. ##
## ------------------ ##
config.lt:551: creating libtool
configure:12754: checking whether gcc and cc understand -c and -o together
configure:12789: gcc -c conftest.c -o conftest2.o >&5
configure:12793: $? = 0
configure:12799: gcc -c conftest.c -o conftest2.o >&5
configure:12803: $? = 0
configure:12814: cc -c conftest.c >&5
configure:12818: $? = 0
configure:12826: cc -c conftest.c -o conftest2.o >&5
configure:12830: $? = 0
configure:12836: cc -c conftest.c -o conftest2.o >&5
configure:12840: $? = 0
configure:12858: result: yes
configure:12920: checking for a Python interpreter with version >= 2.2
configure:12937: python -c import sys # split strings by '.' and convert to numeric. Append some zeros # because we need at least 4 digits for the hex conversion. # map returns an iterator in Python 3.0 and a list in 2.x minver = list(map(int, '2.2'.split('.'))) + [0, 0, 0] minverhex = 0 # xrange is not present in Python 3.0 and range returns an iterator for i in list(range(0, 4)): minverhex = (minverhex << 8) + minver[i] sys.exit(sys.hexversion < minverhex)
configure:12940: $? = 0
configure:12947: result: python
configure:12955: checking for python
configure:12973: found /usr/bin/python
configure:12985: result: /usr/bin/python
configure:13005: checking for python version
configure:13012: result: 3.3
configure:13024: checking for python platform
configure:13031: result: linux
configure:13038: checking for python script directory
configure:13059: result: ${prefix}/lib/python3.3/site-packages
configure:13068: checking for python extension module directory
configure:13089: result: ${exec_prefix}/lib/python3.3/site-packages
configure:13104: checking for headers required to compile python extensions
configure:13128: gcc -E  -I/include/python3.3 conftest.c
conftest.c:25:20: fatal error: Python.h: No such file or directory
compilation terminated.
configure:13135: $? = 1
configure: failed program was:
| /* confdefs.h.  */
| #define PACKAGE_NAME "pypoppler"
| #define PACKAGE_TARNAME "pypoppler"
| #define PACKAGE_VERSION "0.12.1"
| #define PACKAGE_STRING "pypoppler 0.12.1"
| #define PACKAGE_BUGREPORT "http://launchpad.net/poppler-python/"
| #define PYPOPPLER_MAJOR_VERSION 0
| #define PYPOPPLER_MINOR_VERSION 12
| #define PYPOPPLER_MICRO_VERSION 1
| #define PACKAGE "pypoppler"
| #define VERSION "0.12.1"
| #define STDC_HEADERS 1
| #define HAVE_SYS_TYPES_H 1
| #define HAVE_SYS_STAT_H 1
| #define HAVE_STDLIB_H 1
| #define HAVE_STRING_H 1
| #define HAVE_MEMORY_H 1
| #define HAVE_STRINGS_H 1
| #define HAVE_INTTYPES_H 1
| #define HAVE_STDINT_H 1
| #define HAVE_UNISTD_H 1
| #define HAVE_DLFCN_H 1
| #define LT_OBJDIR ".libs/"
| /* end confdefs.h.  */
| #include <Python.h>
configure:13147: result: not found
configure:13149: error: could not find Python headers

## ---------------- ##
## Cache variables. ##
## ---------------- ##

ac_cv_build=x86_64-unknown-linux-gnu
ac_cv_c_compiler_gnu=yes
ac_cv_env_CC_set=
ac_cv_env_CC_value=
ac_cv_env_CFLAGS_set=
ac_cv_env_CFLAGS_value=
ac_cv_env_CPPFLAGS_set=
ac_cv_env_CPPFLAGS_value=
ac_cv_env_CPP_set=
ac_cv_env_CPP_value=
ac_cv_env_LDFLAGS_set=
ac_cv_env_LDFLAGS_value=
ac_cv_env_LIBS_set=
ac_cv_env_LIBS_value=
ac_cv_env_PKG_CONFIG_set=
ac_cv_env_PKG_CONFIG_value=
ac_cv_env_PYCAIRO_CFLAGS_set=
ac_cv_env_PYCAIRO_CFLAGS_value=
ac_cv_env_PYCAIRO_LIBS_set=
ac_cv_env_PYCAIRO_LIBS_value=
ac_cv_env_PYPOPPLER_CFLAGS_set=
ac_cv_env_PYPOPPLER_CFLAGS_value=
ac_cv_env_PYPOPPLER_LIBS_set=
ac_cv_env_PYPOPPLER_LIBS_value=
ac_cv_env_build_alias_set=
ac_cv_env_build_alias_value=
ac_cv_env_host_alias_set=
ac_cv_env_host_alias_value=
ac_cv_env_target_alias_set=
ac_cv_env_target_alias_value=
ac_cv_header_dlfcn_h=yes
ac_cv_header_inttypes_h=yes
ac_cv_header_memory_h=yes
ac_cv_header_stdc=yes
ac_cv_header_stdint_h=yes
ac_cv_header_stdlib_h=yes
ac_cv_header_string_h=yes
ac_cv_header_strings_h=yes
ac_cv_header_sys_stat_h=yes
ac_cv_header_sys_types_h=yes
ac_cv_header_unistd_h=yes
ac_cv_host=x86_64-unknown-linux-gnu
ac_cv_objext=o
ac_cv_path_EGREP='/usr/bin/grep -E'
ac_cv_path_FGREP='/usr/bin/grep -F'
ac_cv_path_GREP=/usr/bin/grep
ac_cv_path_PYTHON=/usr/bin/python
ac_cv_path_SED=/usr/bin/sed
ac_cv_path_install='/usr/bin/install -c'
ac_cv_path_mkdir=/usr/bin/mkdir
ac_cv_prog_AWK=gawk
ac_cv_prog_CPP='gcc -E'
ac_cv_prog_ac_ct_AR=ar
ac_cv_prog_ac_ct_CC=gcc
ac_cv_prog_ac_ct_OBJDUMP=objdump
ac_cv_prog_ac_ct_RANLIB=ranlib
ac_cv_prog_ac_ct_STRIP=strip
ac_cv_prog_cc_c89=
ac_cv_prog_cc_g=yes
ac_cv_prog_cc_gcc_c_o=yes
ac_cv_prog_make_make_set=yes
am_cv_CC_dependencies_compiler_type=gcc3
am_cv_pathless_PYTHON=python
am_cv_python_platform=linux
am_cv_python_pyexecdir='${exec_prefix}/lib/python3.3/site-packages'
am_cv_python_pythondir='${prefix}/lib/python3.3/site-packages'
am_cv_python_version=3.3
lt_cv_deplibs_check_method=pass_all
lt_cv_file_magic_cmd='$MAGIC_CMD'
lt_cv_file_magic_test_file=
lt_cv_ld_reload_flag=-r
lt_cv_nm_interface='BSD nm'
lt_cv_objdir=.libs
lt_cv_path_LD=/usr/bin/ld
lt_cv_path_NM='/usr/bin/nm -B'
lt_cv_prog_compiler_c_o=yes
lt_cv_prog_compiler_pic_works=yes
lt_cv_prog_compiler_rtti_exceptions=no
lt_cv_prog_compiler_static_works=yes
lt_cv_prog_gnu_ld=yes
lt_cv_sys_global_symbol_pipe='sed -n -e '\''s/^.*[	 ]\([ABCDGIRSTW][ABCDGIRSTW]*\)[	 ][	 ]*\([_A-Za-z][_A-Za-z0-9]*\)$/\1 \2 \2/p'\'''
lt_cv_sys_global_symbol_to_c_name_address='sed -n -e '\''s/^: \([^ ]*\) $/  {\"\1\", (void *) 0},/p'\'' -e '\''s/^[ABCDGIRSTW]* \([^ ]*\) \([^ ]*\)$/  {"\2", (void *) \&\2},/p'\'''
lt_cv_sys_global_symbol_to_c_name_address_lib_prefix='sed -n -e '\''s/^: \([^ ]*\) $/  {\"\1\", (void *) 0},/p'\'' -e '\''s/^[ABCDGIRSTW]* \([^ ]*\) \(lib[^ ]*\)$/  {"\2", (void *) \&\2},/p'\'' -e '\''s/^[ABCDGIRSTW]* \([^ ]*\) \([^ ]*\)$/  {"lib\2", (void *) \&\2},/p'\'''
lt_cv_sys_global_symbol_to_cdecl='sed -n -e '\''s/^T .* \(.*\)$/extern int \1();/p'\'' -e '\''s/^[ABCDGIRSTW]* .* \(.*\)$/extern char \1;/p'\'''
lt_cv_sys_max_cmd_len=1572864

## ----------------- ##
## Output variables. ##
## ----------------- ##

ACLOCAL='${SHELL} /home/olivier/Documents/workspace/TeXos/src/lib/pypoppler/missing --run aclocal-1.11 '
AMDEPBACKSLASH='\'
AMDEP_FALSE='#'
AMDEP_TRUE=''
AMTAR='${SHELL} /home/olivier/Documents/workspace/TeXos/src/lib/pypoppler/missing --run tar'
AR='ar'
AS='as'
AUTOCONF='${SHELL} /home/olivier/Documents/workspace/TeXos/src/lib/pypoppler/missing --run autoconf'
AUTOHEADER='${SHELL} /home/olivier/Documents/workspace/TeXos/src/lib/pypoppler/missing --run autoheader'
AUTOMAKE='${SHELL} /home/olivier/Documents/workspace/TeXos/src/lib/pypoppler/missing --run automake-1.11'
AWK='gawk'
CC='gcc'
CCDEPMODE='depmode=gcc3'
CFLAGS='-g -O2'
CODEGEN=''
CPP='gcc -E'
CPPFLAGS=' -I/include/python3.3'
CYGPATH_W='echo'
DEFS=''
DEPDIR='.deps'
DLLTOOL='dlltool'
DSYMUTIL=''
DUMPBIN=''
ECHO_C=''
ECHO_N='-n'
ECHO_T=''
EGREP='/usr/bin/grep -E'
EXEEXT=''
FGREP='/usr/bin/grep -F'
GREP='/usr/bin/grep'
INSTALL_DATA='${INSTALL} -m 644'
INSTALL_PROGRAM='${INSTALL}'
INSTALL_SCRIPT='${INSTALL}'
INSTALL_STRIP_PROGRAM='$(install_sh) -c -s'
LD='/usr/bin/ld -m elf_x86_64'
LDFLAGS=''
LIBOBJS=''
LIBS=''
LIBTOOL='$(SHELL) $(top_builddir)/libtool'
LIPO=''
LN_S='ln -s'
LTLIBOBJS=''
MAKEINFO='${SHELL} /home/olivier/Documents/workspace/TeXos/src/lib/pypoppler/missing --run makeinfo'
MKDIR_P='/usr/bin/mkdir -p'
NM='/usr/bin/nm -B'
NMEDIT=''
OBJDUMP='objdump'
OBJEXT='o'
OS_WIN32_FALSE=''
OS_WIN32_TRUE='#'
OTOOL64=''
OTOOL=''
PACKAGE='pypoppler'
PACKAGE_BUGREPORT='http://launchpad.net/poppler-python/'
PACKAGE_NAME='pypoppler'
PACKAGE_STRING='pypoppler 0.12.1'
PACKAGE_TARNAME='pypoppler'
PACKAGE_VERSION='0.12.1'
PATH_SEPARATOR=':'
PKG_CONFIG=''
PLATFORM_WIN32_FALSE=''
PLATFORM_WIN32_TRUE='#'
PYCAIRO_CFLAGS=''
PYCAIRO_LIBS=''
PYGTK_CFLAGS=''
PYGTK_DATADIR=''
PYGTK_LIBS=''
PYPOPPLER_CFLAGS=''
PYPOPPLER_LIBS=''
PYTHON='/usr/bin/python'
PYTHON_EXEC_PREFIX='${exec_prefix}'
PYTHON_INCLUDES='-I/include/python3.3'
PYTHON_PLATFORM='linux'
PYTHON_PREFIX='${prefix}'
PYTHON_VERSION='3.3'
RANLIB='ranlib'
SED='/usr/bin/sed'
SET_MAKE=''
SHELL='/bin/sh'
STRIP='strip'
VERSION='0.12.1'
ac_ct_CC='gcc'
ac_ct_DUMPBIN=''
am__EXEEXT_FALSE=''
am__EXEEXT_TRUE=''
am__fastdepCC_FALSE='#'
am__fastdepCC_TRUE=''
am__include='include'
am__isrc=''
am__leading_dot='.'
am__quote=''
am__tar='${AMTAR} chof - "$$tardir"'
am__untar='${AMTAR} xf -'
bindir='${exec_prefix}/bin'
build='x86_64-unknown-linux-gnu'
build_alias=''
build_cpu='x86_64'
build_os='linux-gnu'
build_vendor='unknown'
datadir='${datarootdir}'
datarootdir='${prefix}/share'
docdir='${datarootdir}/doc/${PACKAGE_TARNAME}'
dvidir='${docdir}'
exec_prefix='NONE'
host='x86_64-unknown-linux-gnu'
host_alias=''
host_cpu='x86_64'
host_os='linux-gnu'
host_vendor='unknown'
htmldir='${docdir}'
includedir='${prefix}/include'
infodir='${datarootdir}/info'
install_sh='${SHELL} /home/olivier/Documents/workspace/TeXos/src/lib/pypoppler/install-sh'
libdir='${exec_prefix}/lib'
libexecdir='${exec_prefix}/libexec'
localedir='${datarootdir}/locale'
localstatedir='${prefix}/var'
lt_ECHO='echo'
mandir='${datarootdir}/man'
mkdir_p='/usr/bin/mkdir -p'
oldincludedir='/usr/include'
pdfdir='${docdir}'
pkgpyexecdir='${pyexecdir}/pypoppler'
pkgpythondir='${pythondir}/pypoppler'
prefix='NONE'
program_transform_name='s,x,x,'
psdir='${docdir}'
pyexecdir='${exec_prefix}/lib/python3.3/site-packages'
pythondir='${prefix}/lib/python3.3/site-packages'
sbindir='${exec_prefix}/sbin'
sharedstatedir='${prefix}/com'
sysconfdir='${prefix}/etc'
target_alias=''

## ----------- ##
## confdefs.h. ##
## ----------- ##

#define PACKAGE_NAME "pypoppler"
#define PACKAGE_TARNAME "pypoppler"
#define PACKAGE_VERSION "0.12.1"
#define PACKAGE_STRING "pypoppler 0.12.1"
#define PACKAGE_BUGREPORT "http://launchpad.net/poppler-python/"
#define PYPOPPLER_MAJOR_VERSION 0
#define PYPOPPLER_MINOR_VERSION 12
#define PYPOPPLER_MICRO_VERSION 1
#define PACKAGE "pypoppler"
#define VERSION "0.12.1"
#define STDC_HEADERS 1
#define HAVE_SYS_TYPES_H 1
#define HAVE_SYS_STAT_H 1
#define HAVE_STDLIB_H 1
#define HAVE_STRING_H 1
#define HAVE_MEMORY_H 1
#define HAVE_STRINGS_H 1
#define HAVE_INTTYPES_H 1
#define HAVE_STDINT_H 1
#define HAVE_UNISTD_H 1
#define HAVE_DLFCN_H 1
#define LT_OBJDIR ".libs/"

configure: exit 1
